(?<host>\S*) (?<clock>{.*})\n(?<event>.*)

A {"A":1}
Initialization Complete
A {"A":2}
Sending from A
A {"A":3}
Sending from A
A {"A":4, "B":3}
Received on A
A {"A":5, "B":3, "C":3}
Received on A
A {"A":6, "B":4, "C":3}
Received on A
A {"A":7, "B":5, "C":3}
Received on A
A {"A":8, "B":5, "C":4}
Received on A
A {"A":9, "B":5, "C":5}
Received on A
A {"A":10, "B":5, "C":6}
Received on A
A {"A":11, "B":6, "C":6}
Received on A
A {"A":12, "B":6, "C":7}
Received on A
A {"A":13, "B":6, "C":8}
Received on A
A {"A":14, "B":7, "C":8}
Received on A
A {"A":15, "B":8, "C":8}
Received on A
A {"A":16, "B":8, "C":9}
Received on A
A {"A":17, "B":8, "C":9}
Sending from A
A {"A":18, "B":8, "C":9}
Sending from A
A {"A":19, "B":8, "C":11}
Received on A
A {"A":20, "B":10, "C":11}
Received on A
A {"A":21, "B":11, "C":11}
Received on A
A {"A":22, "B":11, "C":11}
Sending from A
A {"A":23, "B":11, "C":11}
Sending from A
A {"A":24, "B":13, "C":11}
Received on A
A {"A":25, "B":13, "C":13}
Received on A
A {"A":26, "B":13, "C":13}
Sending from A
A {"A":27, "B":13, "C":13}
Sending from A
A {"A":28, "B":15, "C":13}
Received on A
A {"A":29, "B":16, "C":13}
Received on A
A {"A":30, "B":16, "C":15}
Received on A
A {"A":31, "B":16, "C":16}
Received on A
A {"A":32, "B":16, "C":17}
Received on A
A {"A":33, "B":17, "C":17}
Received on A
A {"A":34, "B":17, "C":17}
Sending from A
A {"A":35, "B":17, "C":17}
Sending from A
A {"A":36, "B":19, "C":17}
Received on A
A {"A":37, "B":19, "C":19}
Received on A
A {"A":38, "B":19, "C":19}
Sending from A
A {"A":39, "B":19, "C":19}
Sending from A
A {"A":40, "B":21, "C":19}
Received on A
A {"A":41, "B":21, "C":21}
Received on A
A {"A":42, "B":21, "C":21}
Sending from A
A {"A":43, "B":21, "C":21}
Sending from A
A {"A":44, "B":21, "C":23}
Received on A
A {"A":45, "B":23, "C":23}
Received on A
A {"A":46, "B":23, "C":23}
Sending from A
A {"A":47, "B":23, "C":23}
Sending from A
A {"A":48, "B":23, "C":25}
Received on A
A {"A":49, "B":25, "C":25}
Received on A
A {"A":50, "B":25, "C":25}
Sending from A
A {"A":51, "B":25, "C":25}
Sending from A
A {"A":52, "B":25, "C":27}
Received on A
A {"A":53, "B":25, "C":28}
Received on A
A {"A":54, "B":27, "C":28}
Received on A
A {"A":55, "B":28, "C":28}
Received on A
A {"A":56, "B":28, "C":29}
Received on A
A {"A":57, "B":29, "C":29}
Received on A
A {"A":58, "B":29, "C":29}
Sending from A
A {"A":59, "B":29, "C":29}
Sending from A
A {"A":60, "B":31, "C":29}
Received on A
A {"A":61, "B":31, "C":31}
Received on A
A {"A":62, "B":31, "C":31}
Sending from A
A {"A":63, "B":31, "C":31}
Sending from A
A {"A":64, "B":31, "C":33}
Received on A
A {"A":65, "B":33, "C":33}
Received on A
A {"A":66, "B":33, "C":33}
Sending from A
A {"A":67, "B":33, "C":33}
Sending from A
A {"A":68, "B":33, "C":35}
Received on A
A {"A":69, "B":35, "C":35}
Received on A
A {"A":70, "B":35, "C":35}
Sending from A
A {"A":71, "B":35, "C":35}
Sending from A
A {"A":72, "B":35, "C":37}
Received on A
A {"A":73, "B":37, "C":37}
Received on A
A {"A":74, "B":37, "C":37}
Sending from A
A {"A":75, "B":37, "C":37}
Sending from A
A {"A":76, "B":39, "C":37}
Received on A
A {"A":77, "B":40, "C":37}
Received on A
A {"A":78, "B":40, "C":39}
Received on A
A {"A":79, "B":40, "C":40}
Received on A
A {"A":80, "B":41, "C":40}
Received on A
A {"A":81, "B":41, "C":41}
Received on A
A {"A":82, "B":41, "C":41}
Sending from A
A {"A":83, "B":42, "C":44}
Received on A
A {"A":84, "B":43, "C":44}
Received on A
A {"A":85, "B":43, "C":44}
Sending from A
A {"A":86, "B":43, "C":44}
Sending from A
A {"A":87, "B":43, "C":44}
Sending from A
A {"A":88, "B":47, "C":45}
Received on A
A {"A":89, "B":47, "C":47}
Received on A
A {"A":90, "B":47, "C":47}
Sending from A
A {"A":91, "B":47, "C":47}
Sending from A
A {"A":92, "B":49, "C":47}
Received on A
A {"A":93, "B":49, "C":49}
Received on A
A {"A":94, "B":49, "C":49}
Sending from A
A {"A":95, "B":49, "C":49}
Sending from A
A {"A":96, "B":49, "C":51}
Received on A
A {"A":97, "B":51, "C":51}
Received on A
A {"A":98, "B":51, "C":51}
Sending from A
A {"A":99, "B":51, "C":51}
Sending from A
A {"A":100, "B":51, "C":53}
Received on A
A {"A":101, "B":53, "C":53}
Received on A
A {"A":102, "B":53, "C":53}
Sending from A
A {"A":103, "B":53, "C":53}
Sending from A
A {"A":104, "B":55, "C":53}
Received on A
A {"A":105, "B":55, "C":55}
Received on A
A {"A":106, "B":55, "C":56}
Received on A
A {"A":107, "B":55, "C":57}
Received on A
A {"A":108, "B":56, "C":57}
Received on A
A {"A":109, "B":57, "C":57}
Received on A
A {"A":110, "B":58, "C":57}
Received on A
A {"A":111, "B":58, "C":58}
Received on A
A {"A":112, "B":58, "C":59}
Received on A
A {"A":113, "B":59, "C":59}
Received on A
A {"A":114, "B":59, "C":60}
Received on A
A {"A":115, "B":59, "C":61}
Received on A
A {"A":116, "B":59, "C":62}
Received on A
A {"A":117, "B":60, "C":62}
Received on A
A {"A":118, "B":61, "C":62}
Received on A
A {"A":119, "B":61, "C":62}
Sending from A
A {"A":120, "B":61, "C":62}
Sending from A
A {"A":121, "B":61, "C":63}
Received on A
A {"A":122, "B":62, "C":63}
Received on A
A {"A":123, "B":64, "C":63}
Received on A
A {"A":124, "B":64, "C":65}
Received on A
A {"A":125, "B":64, "C":66}
Received on A
A {"A":126, "B":65, "C":66}
Received on A
A {"A":127, "B":65, "C":66}
Sending from A
A {"A":128, "B":65, "C":66}
Sending from A
A {"A":129, "B":67, "C":66}
Received on A
A {"A":130, "B":68, "C":66}
Received on A
A {"A":131, "B":68, "C":68}
Received on A
A {"A":132, "B":68, "C":69}
Received on A
A {"A":133, "B":68, "C":70}
Received on A
A {"A":134, "B":69, "C":70}
Received on A
A {"A":135, "B":69, "C":71}
Received on A
A {"A":136, "B":69, "C":72}
Received on A
A {"A":137, "B":70, "C":72}
Received on A
A {"A":138, "B":71, "C":72}
Received on A
A {"A":139, "B":71, "C":72}
Sending from A
A {"A":140, "B":71, "C":72}
Sending from A
A {"A":141, "B":72, "C":72}
Received on A
A {"A":142, "B":72, "C":73}
Received on A
A {"A":143, "B":72, "C":75}
Received on A
A {"A":144, "B":74, "C":75}
Received on A
A {"A":145, "B":75, "C":75}
Received on A
A {"A":146, "B":75, "C":76}
Received on A
A {"A":147, "B":76, "C":76}
Received on A
A {"A":148, "B":77, "C":76}
Received on A
A {"A":149, "B":77, "C":77}
Received on A
A {"A":150, "B":77, "C":78}
Received on A
A {"A":151, "B":77, "C":78}
Sending from A
A {"A":152, "B":77, "C":78}
Sending from A
A {"A":153, "B":77, "C":80}
Received on A
A {"A":154, "B":79, "C":80}
Received on A
A {"A":155, "B":80, "C":80}
Received on A
A {"A":156, "B":80, "C":81}
Received on A
A {"A":157, "B":81, "C":81}
Received on A
A {"A":158, "B":81, "C":82}
Received on A
A {"A":159, "B":82, "C":82}
Received on A
A {"A":160, "B":82, "C":82}
Sending from A
A {"A":161, "B":82, "C":82}
Sending from A
A {"A":162, "B":82, "C":84}
Received on A
A {"A":163, "B":84, "C":84}
Received on A
A {"A":164, "B":85, "C":84}
Received on A
A {"A":165, "B":86, "C":84}
Received on A
A {"A":166, "B":87, "C":84}
Received on A
A {"A":167, "B":88, "C":84}
Received on A
A {"A":168, "B":88, "C":85}
Received on A
A {"A":169, "B":88, "C":86}
Received on A
A {"A":170, "B":88, "C":87}
Received on A
A {"A":171, "B":88, "C":88}
Received on A
A {"A":172, "B":88, "C":89}
Received on A
A {"A":173, "B":89, "C":89}
Received on A
A {"A":174, "B":89, "C":90}
Received on A
A {"A":175, "B":89, "C":91}
Received on A
A {"A":176, "B":90, "C":91}
Received on A
A {"A":177, "B":91, "C":91}
Received on A
A {"A":178, "B":91, "C":91}
Sending from A
A {"A":179, "B":91, "C":91}
Sending from A
A {"A":180, "B":91, "C":93}
Received on A
A {"A":181, "B":93, "C":93}
Received on A
A {"A":182, "B":93, "C":94}
Received on A
A {"A":183, "B":94, "C":94}
Received on A
A {"A":184, "B":95, "C":94}
Received on A
A {"A":185, "B":95, "C":95}
Received on A
A {"A":186, "B":95, "C":95}
Sending from A
A {"A":187, "B":95, "C":95}
Sending from A
A {"A":188, "B":95, "C":97}
Received on A
A {"A":189, "B":95, "C":98}
Received on A
A {"A":190, "B":97, "C":98}
Received on A
A {"A":191, "B":98, "C":98}
Received on A
A {"A":192, "B":98, "C":99}
Received on A
A {"A":193, "B":99, "C":99}
Received on A
A {"A":194, "B":99, "C":99}
Sending from A
A {"A":195, "B":99, "C":99}
Sending from A
A {"A":196, "B":100, "C":99}
Received on A
A {"A":197, "B":100, "C":101}
Received on A
A {"A":198, "B":102, "C":101}
Received on A
A {"A":199, "B":103, "C":101}
Received on A
A {"A":200, "B":103, "C":102}
Received on A
A {"A":201, "B":103, "C":103}
Received on A
A {"A":202, "B":104, "C":103}
Received on A
A {"A":203, "B":104, "C":104}
Received on A
A {"A":204, "B":105, "C":104}
Received on A
A {"A":205, "B":105, "C":105}
Received on A
A {"A":206, "B":105, "C":105}
Sending from A
A {"A":207, "B":105, "C":105}
Sending from A
A {"A":208, "B":105, "C":107}
Received on A
A {"A":209, "B":107, "C":107}
Received on A
A {"A":210, "B":107, "C":108}
Received on A
A {"A":211, "B":107, "C":109}
Received on A
A {"A":212, "B":108, "C":109}
Received on A
A {"A":213, "B":109, "C":109}
Received on A
A {"A":214, "B":109, "C":109}
Sending from A
A {"A":215, "B":109, "C":110}
Received on A
A {"A":216, "B":109, "C":110}
Sending from A
A {"A":217, "B":110, "C":110}
Received on A
A {"A":218, "B":112, "C":110}
Received on A
A {"A":219, "B":113, "C":110}
Received on A
A {"A":220, "B":114, "C":110}
Received on A
A {"A":221, "B":115, "C":110}
Received on A
A {"A":222, "B":115, "C":112}
Received on A
A {"A":223, "B":115, "C":113}
Received on A
A {"A":224, "B":115, "C":114}
Received on A
A {"A":225, "B":116, "C":114}
Received on A
A {"A":226, "B":116, "C":115}
Received on A
A {"A":227, "B":117, "C":115}
Received on A
A {"A":228, "B":117, "C":116}
Received on A
A {"A":229, "B":117, "C":116}
Sending from A
A {"A":230, "B":117, "C":116}
Sending from A
A {"A":231, "B":117, "C":117}
Received on A
A {"A":232, "B":118, "C":117}
Received on A
A {"A":233, "B":120, "C":117}
Received on A
A {"A":234, "B":120, "C":119}
Received on A
A {"A":235, "B":120, "C":120}
Received on A
A {"A":236, "B":121, "C":120}
Received on A
A {"A":237, "B":121, "C":120}
Sending from A
A {"A":238, "B":122, "C":123}
Received on A
A {"A":239, "B":123, "C":123}
Received on A
A {"A":240, "B":123, "C":123}
Sending from A
A {"A":241, "B":123, "C":123}
Sending from A
A {"A":242, "B":123, "C":123}
Sending from A
A {"A":243, "B":123, "C":125}
Received on A
A {"A":244, "B":126, "C":125}
Received on A
A {"A":245, "B":126, "C":127}
Received on A
A {"A":246, "B":126, "C":128}
Received on A
A {"A":247, "B":128, "C":128}
Received on A
A {"A":248, "B":129, "C":128}
Received on A
A {"A":249, "B":129, "C":129}
Received on A
A {"A":250, "B":130, "C":129}
Received on A
A {"A":251, "B":130, "C":130}
Received on A
A {"A":252, "B":131, "C":130}
Received on A
A {"A":253, "B":131, "C":130}
Sending from A
A {"A":254, "B":131, "C":130}
Sending from A
A {"A":255, "B":131, "C":132}
Received on A
A {"A":256, "B":133, "C":132}
Received on A
A {"A":257, "B":134, "C":132}
Received on A
A {"A":258, "B":134, "C":133}
Received on A
A {"A":259, "B":134, "C":134}
Received on A
A {"A":260, "B":135, "C":134}
Received on A
A {"A":261, "B":135, "C":134}
Sending from A
A {"A":262, "B":135, "C":134}
Sending from A
A {"A":263, "B":137, "C":134}
Received on A
A {"A":264, "B":138, "C":134}
Received on A
A {"A":265, "B":138, "C":136}
Received on A
A {"A":266, "B":138, "C":137}
Received on A
A {"A":267, "B":138, "C":138}
Received on A
A {"A":268, "B":139, "C":138}
Received on A
A {"A":269, "B":139, "C":138}
Sending from A
A {"A":270, "B":139, "C":138}
Sending from A
A {"A":271, "B":139, "C":140}
Received on A
A {"A":272, "B":141, "C":140}
Received on A
A {"A":273, "B":141, "C":141}
Received on A
A {"A":274, "B":142, "C":141}
Received on A
A {"A":275, "B":142, "C":141}
Sending from A
A {"A":276, "B":142, "C":141}
Sending from A
A {"A":277, "B":144, "C":141}
Received on A
A {"A":278, "B":145, "C":141}
Received on A
A {"A":279, "B":146, "C":141}
Received on A
A {"A":280, "B":146, "C":143}
Received on A
A {"A":281, "B":146, "C":144}
Received on A
A {"A":282, "B":146, "C":145}
Received on A
A {"A":283, "B":146, "C":146}
Received on A
A {"A":284, "B":147, "C":146}
Received on A
A {"A":285, "B":147, "C":146}
Sending from A
A {"A":286, "B":147, "C":147}
Received on A
A {"A":287, "B":147, "C":147}
Sending from A
A {"A":288, "B":148, "C":147}
Received on A
A {"A":289, "B":150, "C":147}
Received on A
A {"A":290, "B":151, "C":147}
Received on A
A {"A":291, "B":151, "C":149}
Received on A
A {"A":292, "B":151, "C":150}
Received on A
A {"A":293, "B":152, "C":150}
Received on A
A {"A":294, "B":152, "C":151}
Received on A
A {"A":295, "B":152, "C":152}
Received on A
A {"A":296, "B":153, "C":152}
Received on A
A {"A":297, "B":153, "C":152}
Sending from A
A {"A":298, "B":153, "C":152}
Sending from A
A {"A":299, "B":154, "C":152}
Received on A
A {"A":300, "B":154, "C":153}
Received on A
A {"A":301, "B":154, "C":155}
Received on A
A {"A":302, "B":156, "C":155}
Received on A
A {"A":303, "B":156, "C":156}
Received on A
A {"A":304, "B":157, "C":156}
Received on A
A {"A":305, "B":158, "C":156}
Received on A
A {"A":306, "B":159, "C":156}
Received on A
A {"A":307, "B":159, "C":157}
Received on A
A {"A":308, "B":159, "C":158}
Received on A
A {"A":309, "B":159, "C":158}
Sending from A
A {"A":310, "B":159, "C":158}
Sending from A
A {"A":311, "B":161, "C":158}
Received on A
A {"A":312, "B":161, "C":160}
Received on A
A {"A":313, "B":161, "C":161}
Received on A
A {"A":314, "B":162, "C":161}
Received on A
A {"A":315, "B":162, "C":162}
Received on A
A {"A":316, "B":163, "C":162}
Received on A
A {"A":317, "B":163, "C":162}
Sending from A
A {"A":318, "B":163, "C":162}
Sending from A
A {"A":319, "B":163, "C":164}
Received on A
A {"A":320, "B":165, "C":164}
Received on A
A {"A":321, "B":166, "C":164}
Received on A
A {"A":322, "B":167, "C":164}
Received on A
A {"A":323, "B":168, "C":164}
Received on A
A {"A":324, "B":169, "C":164}
Received on A
A {"A":325, "B":169, "C":165}
Received on A
A {"A":326, "B":169, "C":166}
Received on A
A {"A":327, "B":169, "C":167}
Received on A
A {"A":328, "B":169, "C":168}
Received on A
A {"A":329, "B":169, "C":169}
Received on A
A {"A":330, "B":170, "C":169}
Received on A
A {"A":331, "B":171, "C":169}
Received on A
A {"A":332, "B":171, "C":170}
Received on A
A {"A":333, "B":171, "C":171}
Received on A
A {"A":334, "B":172, "C":171}
Received on A
A {"A":335, "B":172, "C":171}
Sending from A
A {"A":336, "B":172, "C":171}
Sending from A
A {"A":337, "B":172, "C":173}
Received on A
A {"A":338, "B":174, "C":173}
Received on A
A {"A":339, "B":174, "C":173}
Sending from A
A {"A":340, "B":174, "C":173}
Sending from A
A {"A":341, "B":174, "C":174}
Received on A
A {"A":342, "B":174, "C":176}
Received on A
A {"A":343, "B":174, "C":177}
Received on A
A {"A":344, "B":176, "C":177}
Received on A
A {"A":345, "B":177, "C":177}
Received on A
A {"A":346, "B":178, "C":177}
Received on A
A {"A":347, "B":178, "C":178}
Received on A
A {"A":348, "B":179, "C":178}
Received on A
A {"A":349, "B":180, "C":178}
Received on A
A {"A":350, "B":180, "C":179}
Received on A
A {"A":351, "B":180, "C":179}
Sending from A
A {"A":352, "B":180, "C":179}
Sending from A
A {"A":353, "B":180, "C":180}
Received on A
A {"A":354, "B":181, "C":180}
Received on A
A {"A":355, "B":183, "C":180}
Received on A
A {"A":356, "B":183, "C":182}
Received on A
A {"A":357, "B":183, "C":183}
Received on A
A {"A":358, "B":184, "C":183}
Received on A
A {"A":359, "B":184, "C":184}
Received on A
A {"A":360, "B":185, "C":184}
Received on A
A {"A":361, "B":185, "C":185}
Received on A
A {"A":362, "B":186, "C":185}
Received on A
A {"A":363, "B":186, "C":185}
Sending from A
A {"A":364, "B":186, "C":185}
Sending from A
A {"A":365, "B":186, "C":187}
Received on A
A {"A":366, "B":188, "C":187}
Received on A
A {"A":367, "B":188, "C":188}
Received on A
A {"A":368, "B":189, "C":188}
Received on A
A {"A":369, "B":190, "C":188}
Received on A
A {"A":370, "B":190, "C":189}
Received on A
A {"A":371, "B":190, "C":189}
Sending from A
A {"A":372, "B":190, "C":189}
Sending from A
A {"A":373, "B":190, "C":191}
Received on A
A {"A":374, "B":190, "C":192}
Received on A
A {"A":375, "B":192, "C":192}
Received on A
A {"A":376, "B":193, "C":192}
Received on A
A {"A":377, "B":193, "C":193}
Received on A
A {"A":378, "B":193, "C":194}
Received on A
A {"A":379, "B":193, "C":195}
Received on A
A {"A":380, "B":194, "C":195}
Received on A
A {"A":381, "B":195, "C":195}
Received on A
A {"A":382, "B":195, "C":196}
Received on A
A {"A":383, "B":195, "C":197}
Received on A
A {"A":384, "B":196, "C":197}
Received on A
A {"A":385, "B":197, "C":197}
Received on A
A {"A":386, "B":197, "C":197}
Sending from A
A {"A":387, "B":197, "C":197}
Sending from A
A {"A":388, "B":197, "C":198}
Received on A
A {"A":389, "B":198, "C":198}
Received on A
A {"A":390, "B":198, "C":200}
Received on A
A {"A":391, "B":200, "C":200}
Received on A
A {"A":392, "B":201, "C":200}
Received on A
A {"A":393, "B":201, "C":201}
Received on A
A {"A":394, "B":201, "C":201}
Sending from A
A {"A":395, "B":201, "C":201}
Sending from A
A {"A":396, "B":203, "C":201}
Received on A
A {"A":397, "B":203, "C":203}
Received on A
A {"A":398, "B":204, "C":203}
Received on A
A {"A":399, "B":205, "C":203}
Received on A
A {"A":400, "B":206, "C":203}
Received on A
A {"A":401, "B":206, "C":204}
Received on A
A {"A":402, "B":206, "C":205}
Received on A
A {"A":403, "B":206, "C":205}
Sending from A
A {"A":404, "B":206, "C":205}
Sending from A
A {"A":405, "B":206, "C":206}
Received on A
A {"A":406, "B":207, "C":206}
Received on A
A {"A":407, "B":209, "C":206}
Received on A
A {"A":408, "B":209, "C":208}
Received on A
A {"A":409, "B":209, "C":209}
Received on A
A {"A":410, "B":210, "C":209}
Received on A
A {"A":411, "B":210, "C":209}
Sending from A
A {"A":412, "B":212, "C":209}
Received on A
A {"A":413, "B":212, "C":212}
Received on A
A {"A":414, "B":212, "C":212}
Sending from A
A {"A":415, "B":212, "C":212}
Sending from A
A {"A":416, "B":212, "C":212}
Sending from A
A {"A":417, "B":212, "C":214}
Received on A
A {"A":418, "B":215, "C":214}
Received on A
A {"A":419, "B":217, "C":214}
Received on A
A {"A":420, "B":218, "C":214}
Received on A
A {"A":421, "B":218, "C":216}
Received on A
A {"A":422, "B":218, "C":217}
Received on A
A {"A":423, "B":218, "C":217}
Sending from A
A {"A":424, "B":219, "C":217}
Received on A
A {"A":425, "B":219, "C":218}
Received on A
A {"A":426, "B":219, "C":218}
Sending from A
A {"A":427, "B":221, "C":218}
Received on A
A {"A":428, "B":222, "C":218}
Received on A
A {"A":429, "B":223, "C":218}
Received on A
A {"A":430, "B":224, "C":218}
Received on A
A {"A":431, "B":224, "C":220}
Received on A
A {"A":432, "B":224, "C":221}
Received on A
A {"A":433, "B":224, "C":222}
Received on A
A {"A":434, "B":224, "C":222}
Sending from A
A {"A":435, "B":224, "C":222}
Sending from A
A {"A":436, "B":226, "C":222}
Received on A
A {"A":437, "B":226, "C":224}
Received on A
A {"A":438, "B":227, "C":224}
Received on A
A {"A":439, "B":228, "C":224}
Received on A
A {"A":440, "B":228, "C":225}
Received on A
A {"A":441, "B":228, "C":226}
Received on A
A {"A":442, "B":228, "C":226}
Sending from A
A {"A":443, "B":228, "C":226}
Sending from A
A {"A":444, "B":229, "C":226}
Received on A
A {"A":445, "B":229, "C":227}
Received on A
A {"A":446, "B":229, "C":229}
Received on A
A {"A":447, "B":231, "C":229}
Received on A
A {"A":448, "B":232, "C":229}
Received on A
A {"A":449, "B":232, "C":230}
Received on A
A {"A":450, "B":232, "C":230}
Sending from A
A {"A":451, "B":232, "C":230}
Sending from A
A {"A":452, "B":234, "C":230}
Received on A
A {"A":453, "B":234, "C":232}
Received on A
A {"A":454, "B":234, "C":233}
Received on A
A {"A":455, "B":235, "C":233}
Received on A
A {"A":456, "B":235, "C":234}
Received on A
A {"A":457, "B":236, "C":234}
Received on A
A {"A":458, "B":236, "C":234}
Sending from A
A {"A":459, "B":236, "C":234}
Sending from A
A {"A":460, "B":237, "C":234}
Received on A
A {"A":461, "B":237, "C":235}
Received on A
A {"A":462, "B":237, "C":237}
Received on A
A {"A":463, "B":239, "C":237}
Received on A
A {"A":464, "B":240, "C":237}
Received on A
A {"A":465, "B":240, "C":238}
Received on A
A {"A":466, "B":240, "C":238}
Sending from A
A {"A":467, "B":240, "C":238}
Sending from A
A {"A":468, "B":240, "C":240}
Received on A
A {"A":469, "B":240, "C":241}
Received on A
A {"A":470, "B":242, "C":241}
Received on A
A {"A":471, "B":243, "C":241}
Received on A
A {"A":472, "B":244, "C":241}
Received on A
A {"A":473, "B":245, "C":241}
Received on A
A {"A":474, "B":246, "C":241}
Received on A
A {"A":475, "B":247, "C":241}
Received on A
A {"A":476, "B":247, "C":242}
Received on A
A {"A":477, "B":247, "C":242}
Sending from A
A {"A":478, "B":247, "C":242}
Sending from A
A {"A":479, "B":247, "C":243}
Received on A
A {"A":480, "B":247, "C":245}
Received on A
A {"A":481, "B":247, "C":246}
Received on A
A {"A":482, "B":248, "C":246}
Received on A
A {"A":483, "B":250, "C":246}
Received on A
A {"A":484, "B":251, "C":246}
Received on A
A {"A":485, "B":251, "C":246}
Sending from A
A {"A":486, "B":251, "C":246}
Sending from A
A {"A":487, "B":251, "C":248}
Received on A
A {"A":488, "B":251, "C":249}
Received on A
A {"A":489, "B":253, "C":249}
Received on A
A {"A":490, "B":254, "C":249}
Received on A
A {"A":491, "B":254, "C":250}
Received on A
A {"A":492, "B":255, "C":250}
Received on A
A {"A":493, "B":255, "C":251}
Received on A
A {"A":494, "B":255, "C":252}
Received on A
A {"A":495, "B":256, "C":252}
Received on A
A {"A":496, "B":256, "C":252}
Sending from A
A {"A":497, "B":256, "C":252}
Sending from A
A {"A":498, "B":257, "C":252}
Received on A
A {"A":499, "B":259, "C":252}
Received on A
A {"A":500, "B":260, "C":252}
Received on A
A {"A":501, "B":260, "C":254}
Received on A
A {"A":502, "B":260, "C":255}
Received on A
A {"A":503, "B":260, "C":256}
Received on A
A {"A":504, "B":261, "C":256}
Received on A
A {"A":505, "B":262, "C":256}
Received on A
A {"A":506, "B":262, "C":257}
Received on A
A {"A":507, "B":262, "C":258}
Received on A
A {"A":508, "B":262, "C":258}
Sending from A
A {"A":509, "B":262, "C":258}
Sending from A
A {"A":510, "B":262, "C":260}
Received on A
A {"A":511, "B":264, "C":260}
Received on A
A {"A":512, "B":265, "C":260}
Received on A
A {"A":513, "B":265, "C":261}
Received on A
A {"A":514, "B":265, "C":261}
Sending from A
A {"A":515, "B":265, "C":261}
Sending from A
A {"A":516, "B":267, "C":261}
Received on A
A {"A":517, "B":268, "C":261}
Received on A
A {"A":518, "B":269, "C":261}
Received on A
A {"A":519, "B":269, "C":263}
Received on A
A {"A":520, "B":269, "C":264}
Received on A
A {"A":521, "B":269, "C":265}
Received on A
A {"A":522, "B":269, "C":266}
Received on A
A {"A":523, "B":270, "C":266}
Received on A
A {"A":524, "B":270, "C":267}
Received on A
A {"A":525, "B":271, "C":267}
Received on A
A {"A":526, "B":272, "C":267}
Received on A
A {"A":527, "B":272, "C":268}
Received on A
A {"A":528, "B":272, "C":268}
Sending from A
A {"A":529, "B":272, "C":268}
Sending from A
A {"A":530, "B":272, "C":270}
Received on A
A {"A":531, "B":274, "C":270}
Received on A
A {"A":532, "B":274, "C":271}
Received on A
A {"A":533, "B":274, "C":272}
Received on A
A {"A":534, "B":275, "C":272}
Received on A
A {"A":535, "B":276, "C":272}
Received on A
A {"A":536, "B":277, "C":272}
Received on A
A {"A":537, "B":277, "C":273}
Received on A
A {"A":538, "B":277, "C":273}
Sending from A
A {"A":539, "B":277, "C":273}
Sending from A
A {"A":540, "B":277, "C":275}
Received on A
A {"A":541, "B":279, "C":275}
Received on A
A {"A":542, "B":280, "C":275}
Received on A
A {"A":543, "B":280, "C":276}
Received on A
A {"A":544, "B":281, "C":276}
Received on A
A {"A":545, "B":281, "C":277}
Received on A
A {"A":546, "B":281, "C":277}
Sending from A
A {"A":547, "B":281, "C":277}
Sending from A
A {"A":548, "B":282, "C":277}
Received on A
A {"A":549, "B":282, "C":278}
Received on A
A {"A":550, "B":282, "C":280}
Received on A
A {"A":551, "B":282, "C":281}
Received on A
A {"A":552, "B":284, "C":281}
Received on A
A {"A":553, "B":285, "C":281}
Received on A
A {"A":554, "B":285, "C":281}
Sending from A
A {"A":555, "B":285, "C":281}
Sending from A
A {"A":556, "B":285, "C":282}
Received on A
A {"A":557, "B":286, "C":282}
Received on A
A {"A":558, "B":286, "C":284}
Received on A
A {"A":559, "B":288, "C":284}
Received on A
A {"A":560, "B":289, "C":284}
Received on A
A {"A":561, "B":289, "C":285}
Received on A
A {"A":562, "B":289, "C":286}
Received on A
A {"A":563, "B":290, "C":286}
Received on A
A {"A":564, "B":290, "C":287}
Received on A
A {"A":565, "B":291, "C":287}
Received on A
A {"A":566, "B":291, "C":287}
Sending from A
A {"A":567, "B":291, "C":287}
Sending from A
A {"A":568, "B":291, "C":287}
Sending from A
A {"A":569, "B":293, "C":291}
Received on A
A {"A":570, "B":294, "C":291}
Received on A
A {"A":571, "B":294, "C":293}
Received on A
A {"A":572, "B":296, "C":293}
Received on A
A {"A":573, "B":297, "C":293}
Received on A
A {"A":574, "B":297, "C":293}
Sending from A
A {"A":575, "B":297, "C":294}
Received on A
A {"A":576, "B":297, "C":294}
Sending from A
A {"A":577, "B":297, "C":294}
Sending from A
A {"A":578, "B":297, "C":296}
Received on A
A {"A":579, "B":297, "C":297}
Received on A
A {"A":580, "B":300, "C":297}
Received on A
A {"A":581, "B":301, "C":297}
Received on A
A {"A":582, "B":302, "C":297}
Received on A
A {"A":583, "B":302, "C":298}
Received on A
A {"A":584, "B":302, "C":298}
Sending from A
A {"A":585, "B":302, "C":298}
Sending from A
A {"A":586, "B":304, "C":298}
Received on A
A {"A":587, "B":304, "C":300}
Received on A
A {"A":588, "B":305, "C":300}
Received on A
A {"A":589, "B":305, "C":301}
Received on A
A {"A":590, "B":305, "C":302}
Received on A
A {"A":591, "B":306, "C":302}
Received on A
A {"A":592, "B":306, "C":302}
Sending from A
A {"A":593, "B":306, "C":303}
Received on A
A {"A":594, "B":307, "C":303}
Received on A
A {"A":595, "B":307, "C":305}
Received on A
A {"A":596, "B":307, "C":305}
Sending from A
A {"A":597, "B":307, "C":306}
Received on A
A {"A":598, "B":308, "C":306}
Received on A
A {"A":599, "B":310, "C":306}
Received on A
A {"A":600, "B":310, "C":306}
Sending from A
A {"A":601, "B":310, "C":306}
Sending from A
A {"A":602, "B":310, "C":308}
Received on A
A {"A":603, "B":310, "C":309}
Received on A
A {"A":604, "B":312, "C":309}
Received on A
A {"A":605, "B":313, "C":309}
Received on A
A {"A":606, "B":314, "C":309}
Received on A
A {"A":607, "B":314, "C":310}
Received on A
A {"A":608, "B":315, "C":310}
Received on A
A {"A":609, "B":315, "C":311}
Received on A
B {"B":1}
Initialization Complete
B {"A":2, "B":2}
Received on B
B {"A":2, "B":3}
Sending from B
B {"A":2, "B":4}
Sending from B
B {"A":2, "B":5}
Sending from B
B {"A":2, "B":6}
Sending from B
B {"A":2, "B":7}
Sending from B
B {"A":2, "B":8}
Sending from B
B {"A":18, "B":9, "C":9}
Received on B
B {"A":18, "B":10, "C":9}
Sending from B
B {"A":18, "B":11, "C":9}
Sending from B
B {"A":22, "B":12, "C":11}
Received on B
B {"A":22, "B":13, "C":11}
Sending from B
B {"A":27, "B":14, "C":13}
Received on B
B {"A":27, "B":15, "C":13}
Sending from B
B {"A":27, "B":16, "C":13}
Sending from B
B {"A":27, "B":17, "C":13}
Sending from B
B {"A":34, "B":18, "C":17}
Received on B
B {"A":34, "B":19, "C":17}
Sending from B
B {"A":38, "B":20, "C":19}
Received on B
B {"A":38, "B":21, "C":19}
Sending from B
B {"A":43, "B":22, "C":21}
Received on B
B {"A":43, "B":23, "C":21}
Sending from B
B {"A":47, "B":24, "C":23}
Received on B
B {"A":47, "B":25, "C":23}
Sending from B
B {"A":51, "B":26, "C":25}
Received on B
B {"A":51, "B":27, "C":25}
Sending from B
B {"A":51, "B":28, "C":25}
Sending from B
B {"A":51, "B":29, "C":25}
Sending from B
B {"A":58, "B":30, "C":29}
Received on B
B {"A":58, "B":31, "C":29}
Sending from B
B {"A":63, "B":32, "C":31}
Received on B
B {"A":63, "B":33, "C":31}
Sending from B
B {"A":67, "B":34, "C":33}
Received on B
B {"A":67, "B":35, "C":33}
Sending from B
B {"A":71, "B":36, "C":35}
Received on B
B {"A":71, "B":37, "C":35}
Sending from B
B {"A":74, "B":38, "C":37}
Received on B
B {"A":74, "B":39, "C":37}
Sending from B
B {"A":74, "B":40, "C":37}
Sending from B
B {"A":74, "B":41, "C":37}
Sending from B
B {"A":74, "B":42, "C":37}
Sending from B
B {"A":74, "B":43, "C":37}
Sending from B
B {"A":82, "B":44, "C":45}
Received on B
B {"A":85, "B":45, "C":45}
Received on B
B {"A":86, "B":46, "C":45}
Received on B
B {"A":86, "B":47, "C":45}
Sending from B
B {"A":90, "B":48, "C":47}
Received on B
B {"A":90, "B":49, "C":47}
Sending from B
B {"A":95, "B":50, "C":49}
Received on B
B {"A":95, "B":51, "C":49}
Sending from B
B {"A":99, "B":52, "C":51}
Received on B
B {"A":99, "B":53, "C":51}
Sending from B
B {"A":102, "B":54, "C":53}
Received on B
B {"A":102, "B":55, "C":53}
Sending from B
B {"A":102, "B":56, "C":53}
Sending from B
B {"A":102, "B":57, "C":53}
Sending from B
B {"A":102, "B":58, "C":53}
Sending from B
B {"A":102, "B":59, "C":53}
Sending from B
B {"A":102, "B":60, "C":53}
Sending from B
B {"A":102, "B":61, "C":53}
Sending from B
B {"A":102, "B":62, "C":53}
Sending from B
B {"A":120, "B":63, "C":62}
Received on B
B {"A":120, "B":64, "C":62}
Sending from B
B {"A":120, "B":65, "C":62}
Sending from B
B {"A":128, "B":66, "C":66}
Received on B
B {"A":128, "B":67, "C":66}
Sending from B
B {"A":128, "B":68, "C":66}
Sending from B
B {"A":128, "B":69, "C":66}
Sending from B
B {"A":128, "B":70, "C":66}
Sending from B
B {"A":128, "B":71, "C":66}
Sending from B
B {"A":128, "B":72, "C":66}
Sending from B
B {"A":139, "B":73, "C":72}
Received on B
B {"A":139, "B":74, "C":72}
Sending from B
B {"A":139, "B":75, "C":72}
Sending from B
B {"A":139, "B":76, "C":72}
Sending from B
B {"A":139, "B":77, "C":72}
Sending from B
B {"A":152, "B":78, "C":78}
Received on B
B {"A":152, "B":79, "C":78}
Sending from B
B {"A":152, "B":80, "C":78}
Sending from B
B {"A":152, "B":81, "C":78}
Sending from B
B {"A":152, "B":82, "C":78}
Sending from B
B {"A":161, "B":83, "C":82}
Received on B
B {"A":161, "B":84, "C":82}
Sending from B
B {"A":161, "B":85, "C":82}
Sending from B
B {"A":161, "B":86, "C":82}
Sending from B
B {"A":161, "B":87, "C":82}
Sending from B
B {"A":161, "B":88, "C":82}
Sending from B
B {"A":161, "B":89, "C":82}
Sending from B
B {"A":161, "B":90, "C":82}
Sending from B
B {"A":161, "B":91, "C":82}
Sending from B
B {"A":179, "B":92, "C":91}
Received on B
B {"A":179, "B":93, "C":91}
Sending from B
B {"A":179, "B":94, "C":91}
Sending from B
B {"A":179, "B":95, "C":91}
Sending from B
B {"A":187, "B":96, "C":95}
Received on B
B {"A":187, "B":97, "C":95}
Sending from B
B {"A":187, "B":98, "C":95}
Sending from B
B {"A":187, "B":99, "C":95}
Sending from B
B {"A":187, "B":100, "C":95}
Sending from B
B {"A":195, "B":101, "C":99}
Received on B
B {"A":195, "B":102, "C":99}
Sending from B
B {"A":195, "B":103, "C":99}
Sending from B
B {"A":195, "B":104, "C":99}
Sending from B
B {"A":195, "B":105, "C":99}
Sending from B
B {"A":207, "B":106, "C":105}
Received on B
B {"A":207, "B":107, "C":105}
Sending from B
B {"A":207, "B":108, "C":105}
Sending from B
B {"A":207, "B":109, "C":105}
Sending from B
B {"A":207, "B":110, "C":105}
Sending from B
B {"A":216, "B":111, "C":110}
Received on B
B {"A":216, "B":112, "C":110}
Sending from B
B {"A":216, "B":113, "C":110}
Sending from B
B {"A":216, "B":114, "C":110}
Sending from B
B {"A":216, "B":115, "C":110}
Sending from B
B {"A":216, "B":116, "C":110}
Sending from B
B {"A":216, "B":117, "C":110}
Sending from B
B {"A":216, "B":118, "C":110}
Sending from B
B {"A":230, "B":119, "C":116}
Received on B
B {"A":230, "B":120, "C":116}
Sending from B
B {"A":230, "B":121, "C":116}
Sending from B
B {"A":230, "B":122, "C":116}
Sending from B
B {"A":230, "B":123, "C":116}
Sending from B
B {"A":237, "B":124, "C":124}
Received on B
B {"A":240, "B":125, "C":124}
Received on B
B {"A":240, "B":126, "C":124}
Sending from B
B {"A":241, "B":127, "C":124}
Received on B
B {"A":241, "B":128, "C":124}
Sending from B
B {"A":241, "B":129, "C":124}
Sending from B
B {"A":241, "B":130, "C":124}
Sending from B
B {"A":241, "B":131, "C":124}
Sending from B
B {"A":254, "B":132, "C":130}
Received on B
B {"A":254, "B":133, "C":130}
Sending from B
B {"A":254, "B":134, "C":130}
Sending from B
B {"A":254, "B":135, "C":130}
Sending from B
B {"A":261, "B":136, "C":134}
Received on B
B {"A":261, "B":137, "C":134}
Sending from B
B {"A":261, "B":138, "C":134}
Sending from B
B {"A":261, "B":139, "C":134}
Sending from B
B {"A":269, "B":140, "C":138}
Received on B
B {"A":269, "B":141, "C":138}
Sending from B
B {"A":269, "B":142, "C":138}
Sending from B
B {"A":276, "B":143, "C":141}
Received on B
B {"A":276, "B":144, "C":141}
Sending from B
B {"A":276, "B":145, "C":141}
Sending from B
B {"A":276, "B":146, "C":141}
Sending from B
B {"A":276, "B":147, "C":141}
Sending from B
B {"A":276, "B":148, "C":141}
Sending from B
B {"A":285, "B":149, "C":146}
Received on B
B {"A":285, "B":150, "C":146}
Sending from B
B {"A":285, "B":151, "C":146}
Sending from B
B {"A":285, "B":152, "C":146}
Sending from B
B {"A":285, "B":153, "C":146}
Sending from B
B {"A":285, "B":154, "C":146}
Sending from B
B {"A":298, "B":155, "C":152}
Received on B
B {"A":298, "B":156, "C":152}
Sending from B
B {"A":298, "B":157, "C":152}
Sending from B
B {"A":298, "B":158, "C":152}
Sending from B
B {"A":298, "B":159, "C":152}
Sending from B
B {"A":309, "B":160, "C":158}
Received on B
B {"A":309, "B":161, "C":158}
Sending from B
B {"A":309, "B":162, "C":158}
Sending from B
B {"A":309, "B":163, "C":158}
Sending from B
B {"A":318, "B":164, "C":162}
Received on B
B {"A":318, "B":165, "C":162}
Sending from B
B {"A":318, "B":166, "C":162}
Sending from B
B {"A":318, "B":167, "C":162}
Sending from B
B {"A":318, "B":168, "C":162}
Sending from B
B {"A":318, "B":169, "C":162}
Sending from B
B {"A":318, "B":170, "C":162}
Sending from B
B {"A":318, "B":171, "C":162}
Sending from B
B {"A":318, "B":172, "C":162}
Sending from B
B {"A":336, "B":173, "C":171}
Received on B
B {"A":336, "B":174, "C":171}
Sending from B
B {"A":340, "B":175, "C":173}
Received on B
B {"A":340, "B":176, "C":173}
Sending from B
B {"A":340, "B":177, "C":173}
Sending from B
B {"A":340, "B":178, "C":173}
Sending from B
B {"A":340, "B":179, "C":173}
Sending from B
B {"A":340, "B":180, "C":173}
Sending from B
B {"A":340, "B":181, "C":173}
Sending from B
B {"A":352, "B":182, "C":179}
Received on B
B {"A":352, "B":183, "C":179}
Sending from B
B {"A":352, "B":184, "C":179}
Sending from B
B {"A":352, "B":185, "C":179}
Sending from B
B {"A":352, "B":186, "C":179}
Sending from B
B {"A":364, "B":187, "C":185}
Received on B
B {"A":364, "B":188, "C":185}
Sending from B
B {"A":364, "B":189, "C":185}
Sending from B
B {"A":364, "B":190, "C":185}
Sending from B
B {"A":372, "B":191, "C":189}
Received on B
B {"A":372, "B":192, "C":189}
Sending from B
B {"A":372, "B":193, "C":189}
Sending from B
B {"A":372, "B":194, "C":189}
Sending from B
B {"A":372, "B":195, "C":189}
Sending from B
B {"A":372, "B":196, "C":189}
Sending from B
B {"A":372, "B":197, "C":189}
Sending from B
B {"A":372, "B":198, "C":189}
Sending from B
B {"A":387, "B":199, "C":197}
Received on B
B {"A":387, "B":200, "C":197}
Sending from B
B {"A":387, "B":201, "C":197}
Sending from B
B {"A":395, "B":202, "C":201}
Received on B
B {"A":395, "B":203, "C":201}
Sending from B
B {"A":395, "B":204, "C":201}
Sending from B
B {"A":395, "B":205, "C":201}
Sending from B
B {"A":395, "B":206, "C":201}
Sending from B
B {"A":395, "B":207, "C":201}
Sending from B
B {"A":403, "B":208, "C":205}
Received on B
B {"A":403, "B":209, "C":205}
Sending from B
B {"A":403, "B":210, "C":205}
Sending from B
B {"A":403, "B":211, "C":205}
Sending from B
B {"A":403, "B":212, "C":205}
Sending from B
B {"A":411, "B":213, "C":213}
Received on B
B {"A":414, "B":214, "C":213}
Received on B
B {"A":414, "B":215, "C":213}
Sending from B
B {"A":415, "B":216, "C":213}
Received on B
B {"A":415, "B":217, "C":213}
Sending from B
B {"A":415, "B":218, "C":213}
Sending from B
B {"A":415, "B":219, "C":213}
Sending from B
B {"A":423, "B":220, "C":217}
Received on B
B {"A":423, "B":221, "C":217}
Sending from B
B {"A":423, "B":222, "C":217}
Sending from B
B {"A":423, "B":223, "C":217}
Sending from B
B {"A":423, "B":224, "C":217}
Sending from B
B {"A":434, "B":225, "C":222}
Received on B
B {"A":434, "B":226, "C":222}
Sending from B
B {"A":434, "B":227, "C":222}
Sending from B
B {"A":434, "B":228, "C":222}
Sending from B
B {"A":434, "B":229, "C":222}
Sending from B
B {"A":443, "B":230, "C":226}
Received on B
B {"A":443, "B":231, "C":226}
Sending from B
B {"A":443, "B":232, "C":226}
Sending from B
B {"A":450, "B":233, "C":230}
Received on B
B {"A":450, "B":234, "C":230}
Sending from B
B {"A":450, "B":235, "C":230}
Sending from B
B {"A":450, "B":236, "C":230}
Sending from B
B {"A":450, "B":237, "C":230}
Sending from B
B {"A":459, "B":238, "C":234}
Received on B
B {"A":459, "B":239, "C":234}
Sending from B
B {"A":459, "B":240, "C":234}
Sending from B
B {"A":466, "B":241, "C":238}
Received on B
B {"A":466, "B":242, "C":238}
Sending from B
B {"A":466, "B":243, "C":238}
Sending from B
B {"A":466, "B":244, "C":238}
Sending from B
B {"A":466, "B":245, "C":238}
Sending from B
B {"A":466, "B":246, "C":238}
Sending from B
B {"A":466, "B":247, "C":238}
Sending from B
B {"A":466, "B":248, "C":238}
Sending from B
B {"A":478, "B":249, "C":242}
Received on B
B {"A":478, "B":250, "C":242}
Sending from B
B {"A":478, "B":251, "C":242}
Sending from B
B {"A":485, "B":252, "C":246}
Received on B
B {"A":485, "B":253, "C":246}
Sending from B
B {"A":485, "B":254, "C":246}
Sending from B
B {"A":485, "B":255, "C":246}
Sending from B
B {"A":485, "B":256, "C":246}
Sending from B
B {"A":485, "B":257, "C":246}
Sending from B
B {"A":497, "B":258, "C":252}
Received on B
B {"A":497, "B":259, "C":252}
Sending from B
B {"A":497, "B":260, "C":252}
Sending from B
B {"A":497, "B":261, "C":252}
Sending from B
B {"A":497, "B":262, "C":252}
Sending from B
B {"A":509, "B":263, "C":258}
Received on B
B {"A":509, "B":264, "C":258}
Sending from B
B {"A":509, "B":265, "C":258}
Sending from B
B {"A":515, "B":266, "C":261}
Received on B
B {"A":515, "B":267, "C":261}
Sending from B
B {"A":515, "B":268, "C":261}
Sending from B
B {"A":515, "B":269, "C":261}
Sending from B
B {"A":515, "B":270, "C":261}
Sending from B
B {"A":515, "B":271, "C":261}
Sending from B
B {"A":515, "B":272, "C":261}
Sending from B
B {"A":529, "B":273, "C":268}
Received on B
B {"A":529, "B":274, "C":268}
Sending from B
B {"A":529, "B":275, "C":268}
Sending from B
B {"A":529, "B":276, "C":268}
Sending from B
B {"A":529, "B":277, "C":268}
Sending from B
B {"A":539, "B":278, "C":273}
Received on B
B {"A":539, "B":279, "C":273}
Sending from B
B {"A":539, "B":280, "C":273}
Sending from B
B {"A":539, "B":281, "C":273}
Sending from B
B {"A":539, "B":282, "C":273}
Sending from B
B {"A":547, "B":283, "C":277}
Received on B
B {"A":547, "B":284, "C":277}
Sending from B
B {"A":547, "B":285, "C":277}
Sending from B
B {"A":547, "B":286, "C":277}
Sending from B
B {"A":555, "B":287, "C":281}
Received on B
B {"A":555, "B":288, "C":281}
Sending from B
B {"A":555, "B":289, "C":281}
Sending from B
B {"A":555, "B":290, "C":281}
Sending from B
B {"A":555, "B":291, "C":281}
Sending from B
B {"A":566, "B":292, "C":287}
Received on B
B {"A":566, "B":293, "C":287}
Sending from B
B {"A":566, "B":294, "C":287}
Sending from B
B {"A":568, "B":295, "C":292}
Received on B
B {"A":568, "B":296, "C":292}
Sending from B
B {"A":568, "B":297, "C":292}
Sending from B
B {"A":574, "B":298, "C":293}
Received on B
B {"A":576, "B":299, "C":294}
Received on B
B {"A":576, "B":300, "C":294}
Sending from B
B {"A":576, "B":301, "C":294}
Sending from B
B {"A":576, "B":302, "C":294}
Sending from B
B {"A":584, "B":303, "C":298}
Received on B
B {"A":584, "B":304, "C":298}
Sending from B
B {"A":584, "B":305, "C":298}
Sending from B
B {"A":584, "B":306, "C":298}
Sending from B
B {"A":584, "B":307, "C":298}
Sending from B
B {"A":584, "B":308, "C":298}
Sending from B
B {"A":596, "B":309, "C":305}
Received on B
B {"A":596, "B":310, "C":305}
Sending from B
B {"A":600, "B":311, "C":306}
Received on B
B {"A":600, "B":312, "C":306}
Sending from B
B {"A":600, "B":313, "C":306}
Sending from B
B {"A":600, "B":314, "C":306}
Sending from B
B {"A":600, "B":315, "C":306}
Sending from B
C {"C":1}
Initialization Complete
C {"A":3, "C":2}
Received on C
C {"A":3, "C":3}
Sending from C
C {"A":3, "C":4}
Sending from C
C {"A":3, "C":5}
Sending from C
C {"A":3, "C":6}
Sending from C
C {"A":3, "C":7}
Sending from C
C {"A":3, "C":8}
Sending from C
C {"A":3, "C":9}
Sending from C
C {"A":17, "B":8, "C":10}
Received on C
C {"A":17, "B":8, "C":11}
Sending from C
C {"A":23, "B":11, "C":12}
Received on C
C {"A":23, "B":11, "C":13}
Sending from C
C {"A":26, "B":13, "C":14}
Received on C
C {"A":26, "B":13, "C":15}
Sending from C
C {"A":26, "B":13, "C":16}
Sending from C
C {"A":26, "B":13, "C":17}
Sending from C
C {"A":35, "B":17, "C":18}
Received on C
C {"A":35, "B":17, "C":19}
Sending from C
C {"A":39, "B":19, "C":20}
Received on C
C {"A":39, "B":19, "C":21}
Sending from C
C {"A":42, "B":21, "C":22}
Received on C
C {"A":42, "B":21, "C":23}
Sending from C
C {"A":46, "B":23, "C":24}
Received on C
C {"A":46, "B":23, "C":25}
Sending from C
C {"A":50, "B":25, "C":26}
Received on C
C {"A":50, "B":25, "C":27}
Sending from C
C {"A":50, "B":25, "C":28}
Sending from C
C {"A":50, "B":25, "C":29}
Sending from C
C {"A":59, "B":29, "C":30}
Received on C
C {"A":59, "B":29, "C":31}
Sending from C
C {"A":62, "B":31, "C":32}
Received on C
C {"A":62, "B":31, "C":33}
Sending from C
C {"A":66, "B":33, "C":34}
Received on C
C {"A":66, "B":33, "C":35}
Sending from C
C {"A":70, "B":35, "C":36}
Received on C
C {"A":70, "B":35, "C":37}
Sending from C
C {"A":75, "B":37, "C":38}
Received on C
C {"A":75, "B":37, "C":39}
Sending from C
C {"A":75, "B":37, "C":40}
Sending from C
C {"A":75, "B":37, "C":41}
Sending from C
C {"A":75, "B":42, "C":42}
Received on C
C {"A":82, "B":42, "C":43}
Received on C
C {"A":82, "B":42, "C":44}
Sending from C
C {"A":82, "B":42, "C":45}
Sending from C
C {"A":87, "B":43, "C":46}
Received on C
C {"A":87, "B":43, "C":47}
Sending from C
C {"A":91, "B":47, "C":48}
Received on C
C {"A":91, "B":47, "C":49}
Sending from C
C {"A":94, "B":49, "C":50}
Received on C
C {"A":94, "B":49, "C":51}
Sending from C
C {"A":98, "B":51, "C":52}
Received on C
C {"A":98, "B":51, "C":53}
Sending from C
C {"A":103, "B":53, "C":54}
Received on C
C {"A":103, "B":53, "C":55}
Sending from C
C {"A":103, "B":53, "C":56}
Sending from C
C {"A":103, "B":53, "C":57}
Sending from C
C {"A":103, "B":53, "C":58}
Sending from C
C {"A":103, "B":53, "C":59}
Sending from C
C {"A":103, "B":53, "C":60}
Sending from C
C {"A":103, "B":53, "C":61}
Sending from C
C {"A":103, "B":53, "C":62}
Sending from C
C {"A":103, "B":53, "C":63}
Sending from C
C {"A":119, "B":61, "C":64}
Received on C
C {"A":119, "B":61, "C":65}
Sending from C
C {"A":119, "B":61, "C":66}
Sending from C
C {"A":127, "B":65, "C":67}
Received on C
C {"A":127, "B":65, "C":68}
Sending from C
C {"A":127, "B":65, "C":69}
Sending from C
C {"A":127, "B":65, "C":70}
Sending from C
C {"A":127, "B":65, "C":71}
Sending from C
C {"A":127, "B":65, "C":72}
Sending from C
C {"A":127, "B":65, "C":73}
Sending from C
C {"A":140, "B":71, "C":74}
Received on C
C {"A":140, "B":71, "C":75}
Sending from C
C {"A":140, "B":71, "C":76}
Sending from C
C {"A":140, "B":71, "C":77}
Sending from C
C {"A":140, "B":71, "C":78}
Sending from C
C {"A":151, "B":77, "C":79}
Received on C
C {"A":151, "B":77, "C":80}
Sending from C
C {"A":151, "B":77, "C":81}
Sending from C
C {"A":151, "B":77, "C":82}
Sending from C
C {"A":160, "B":82, "C":83}
Received on C
C {"A":160, "B":82, "C":84}
Sending from C
C {"A":160, "B":82, "C":85}
Sending from C
C {"A":160, "B":82, "C":86}
Sending from C
C {"A":160, "B":82, "C":87}
Sending from C
C {"A":160, "B":82, "C":88}
Sending from C
C {"A":160, "B":82, "C":89}
Sending from C
C {"A":160, "B":82, "C":90}
Sending from C
C {"A":160, "B":82, "C":91}
Sending from C
C {"A":178, "B":91, "C":92}
Received on C
C {"A":178, "B":91, "C":93}
Sending from C
C {"A":178, "B":91, "C":94}
Sending from C
C {"A":178, "B":91, "C":95}
Sending from C
C {"A":186, "B":95, "C":96}
Received on C
C {"A":186, "B":95, "C":97}
Sending from C
C {"A":186, "B":95, "C":98}
Sending from C
C {"A":186, "B":95, "C":99}
Sending from C
C {"A":194, "B":99, "C":100}
Received on C
C {"A":194, "B":99, "C":101}
Sending from C
C {"A":194, "B":99, "C":102}
Sending from C
C {"A":194, "B":99, "C":103}
Sending from C
C {"A":194, "B":99, "C":104}
Sending from C
C {"A":194, "B":99, "C":105}
Sending from C
C {"A":206, "B":105, "C":106}
Received on C
C {"A":206, "B":105, "C":107}
Sending from C
C {"A":206, "B":105, "C":108}
Sending from C
C {"A":206, "B":105, "C":109}
Sending from C
C {"A":206, "B":105, "C":110}
Sending from C
C {"A":214, "B":109, "C":111}
Received on C
C {"A":214, "B":109, "C":112}
Sending from C
C {"A":214, "B":109, "C":113}
Sending from C
C {"A":214, "B":109, "C":114}
Sending from C
C {"A":214, "B":109, "C":115}
Sending from C
C {"A":214, "B":109, "C":116}
Sending from C
C {"A":214, "B":109, "C":117}
Sending from C
C {"A":229, "B":117, "C":118}
Received on C
C {"A":229, "B":117, "C":119}
Sending from C
C {"A":229, "B":117, "C":120}
Sending from C
C {"A":230, "B":122, "C":121}
Received on C
C {"A":237, "B":122, "C":122}
Received on C
C {"A":237, "B":122, "C":123}
Sending from C
C {"A":237, "B":122, "C":124}
Sending from C
C {"A":237, "B":122, "C":125}
Sending from C
C {"A":242, "B":123, "C":126}
Received on C
C {"A":242, "B":123, "C":127}
Sending from C
C {"A":242, "B":123, "C":128}
Sending from C
C {"A":242, "B":123, "C":129}
Sending from C
C {"A":242, "B":123, "C":130}
Sending from C
C {"A":253, "B":131, "C":131}
Received on C
C {"A":253, "B":131, "C":132}
Sending from C
C {"A":253, "B":131, "C":133}
Sending from C
C {"A":253, "B":131, "C":134}
Sending from C
C {"A":262, "B":135, "C":135}
Received on C
C {"A":262, "B":135, "C":136}
Sending from C
C {"A":262, "B":135, "C":137}
Sending from C
C {"A":262, "B":135, "C":138}
Sending from C
C {"A":270, "B":139, "C":139}
Received on C
C {"A":270, "B":139, "C":140}
Sending from C
C {"A":270, "B":139, "C":141}
Sending from C
C {"A":275, "B":142, "C":142}
Received on C
C {"A":275, "B":142, "C":143}
Sending from C
C {"A":275, "B":142, "C":144}
Sending from C
C {"A":275, "B":142, "C":145}
Sending from C
C {"A":275, "B":142, "C":146}
Sending from C
C {"A":275, "B":142, "C":147}
Sending from C
C {"A":287, "B":147, "C":148}
Received on C
C {"A":287, "B":147, "C":149}
Sending from C
C {"A":287, "B":147, "C":150}
Sending from C
C {"A":287, "B":147, "C":151}
Sending from C
C {"A":287, "B":147, "C":152}
Sending from C
C {"A":287, "B":147, "C":153}
Sending from C
C {"A":297, "B":153, "C":154}
Received on C
C {"A":297, "B":153, "C":155}
Sending from C
C {"A":297, "B":153, "C":156}
Sending from C
C {"A":297, "B":153, "C":157}
Sending from C
C {"A":297, "B":153, "C":158}
Sending from C
C {"A":310, "B":159, "C":159}
Received on C
C {"A":310, "B":159, "C":160}
Sending from C
C {"A":310, "B":159, "C":161}
Sending from C
C {"A":310, "B":159, "C":162}
Sending from C
C {"A":317, "B":163, "C":163}
Received on C
C {"A":317, "B":163, "C":164}
Sending from C
C {"A":317, "B":163, "C":165}
Sending from C
C {"A":317, "B":163, "C":166}
Sending from C
C {"A":317, "B":163, "C":167}
Sending from C
C {"A":317, "B":163, "C":168}
Sending from C
C {"A":317, "B":163, "C":169}
Sending from C
C {"A":317, "B":163, "C":170}
Sending from C
C {"A":317, "B":163, "C":171}
Sending from C
C {"A":335, "B":172, "C":172}
Received on C
C {"A":335, "B":172, "C":173}
Sending from C
C {"A":335, "B":172, "C":174}
Sending from C
C {"A":339, "B":174, "C":175}
Received on C
C {"A":339, "B":174, "C":176}
Sending from C
C {"A":339, "B":174, "C":177}
Sending from C
C {"A":339, "B":174, "C":178}
Sending from C
C {"A":339, "B":174, "C":179}
Sending from C
C {"A":339, "B":174, "C":180}
Sending from C
C {"A":351, "B":180, "C":181}
Received on C
C {"A":351, "B":180, "C":182}
Sending from C
C {"A":351, "B":180, "C":183}
Sending from C
C {"A":351, "B":180, "C":184}
Sending from C
C {"A":351, "B":180, "C":185}
Sending from C
C {"A":363, "B":186, "C":186}
Received on C
C {"A":363, "B":186, "C":187}
Sending from C
C {"A":363, "B":186, "C":188}
Sending from C
C {"A":363, "B":186, "C":189}
Sending from C
C {"A":371, "B":190, "C":190}
Received on C
C {"A":371, "B":190, "C":191}
Sending from C
C {"A":371, "B":190, "C":192}
Sending from C
C {"A":371, "B":190, "C":193}
Sending from C
C {"A":371, "B":190, "C":194}
Sending from C
C {"A":371, "B":190, "C":195}
Sending from C
C {"A":371, "B":190, "C":196}
Sending from C
C {"A":371, "B":190, "C":197}
Sending from C
C {"A":371, "B":190, "C":198}
Sending from C
C {"A":386, "B":197, "C":199}
Received on C
C {"A":386, "B":197, "C":200}
Sending from C
C {"A":386, "B":197, "C":201}
Sending from C
C {"A":394, "B":201, "C":202}
Received on C
C {"A":394, "B":201, "C":203}
Sending from C
C {"A":394, "B":201, "C":204}
Sending from C
C {"A":394, "B":201, "C":205}
Sending from C
C {"A":394, "B":201, "C":206}
Sending from C
C {"A":404, "B":206, "C":207}
Received on C
C {"A":404, "B":206, "C":208}
Sending from C
C {"A":404, "B":206, "C":209}
Sending from C
C {"A":404, "B":211, "C":210}
Received on C
C {"A":411, "B":211, "C":211}
Received on C
C {"A":411, "B":211, "C":212}
Sending from C
C {"A":411, "B":211, "C":213}
Sending from C
C {"A":411, "B":211, "C":214}
Sending from C
C {"A":416, "B":212, "C":215}
Received on C
C {"A":416, "B":212, "C":216}
Sending from C
C {"A":416, "B":212, "C":217}
Sending from C
C {"A":416, "B":212, "C":218}
Sending from C
C {"A":426, "B":219, "C":219}
Received on C
C {"A":426, "B":219, "C":220}
Sending from C
C {"A":426, "B":219, "C":221}
Sending from C
C {"A":426, "B":219, "C":222}
Sending from C
C {"A":435, "B":224, "C":223}
Received on C
C {"A":435, "B":224, "C":224}
Sending from C
C {"A":435, "B":224, "C":225}
Sending from C
C {"A":435, "B":224, "C":226}
Sending from C
C {"A":435, "B":224, "C":227}
Sending from C
C {"A":442, "B":228, "C":228}
Received on C
C {"A":442, "B":228, "C":229}
Sending from C
C {"A":442, "B":228, "C":230}
Sending from C
C {"A":451, "B":232, "C":231}
Received on C
C {"A":451, "B":232, "C":232}
Sending from C
C {"A":451, "B":232, "C":233}
Sending from C
C {"A":451, "B":232, "C":234}
Sending from C
C {"A":451, "B":232, "C":235}
Sending from C
C {"A":458, "B":236, "C":236}
Received on C
C {"A":458, "B":236, "C":237}
Sending from C
C {"A":458, "B":236, "C":238}
Sending from C
C {"A":467, "B":240, "C":239}
Received on C
C {"A":467, "B":240, "C":240}
Sending from C
C {"A":467, "B":240, "C":241}
Sending from C
C {"A":467, "B":240, "C":242}
Sending from C
C {"A":467, "B":240, "C":243}
Sending from C
C {"A":477, "B":247, "C":244}
Received on C
C {"A":477, "B":247, "C":245}
Sending from C
C {"A":477, "B":247, "C":246}
Sending from C
C {"A":486, "B":251, "C":247}
Received on C
C {"A":486, "B":251, "C":248}
Sending from C
C {"A":486, "B":251, "C":249}
Sending from C
C {"A":486, "B":251, "C":250}
Sending from C
C {"A":486, "B":251, "C":251}
Sending from C
C {"A":486, "B":251, "C":252}
Sending from C
C {"A":496, "B":256, "C":253}
Received on C
C {"A":496, "B":256, "C":254}
Sending from C
C {"A":496, "B":256, "C":255}
Sending from C
C {"A":496, "B":256, "C":256}
Sending from C
C {"A":496, "B":256, "C":257}
Sending from C
C {"A":496, "B":256, "C":258}
Sending from C
C {"A":508, "B":262, "C":259}
Received on C
C {"A":508, "B":262, "C":260}
Sending from C
C {"A":508, "B":262, "C":261}
Sending from C
C {"A":514, "B":265, "C":262}
Received on C
C {"A":514, "B":265, "C":263}
Sending from C
C {"A":514, "B":265, "C":264}
Sending from C
C {"A":514, "B":265, "C":265}
Sending from C
C {"A":514, "B":265, "C":266}
Sending from C
C {"A":514, "B":265, "C":267}
Sending from C
C {"A":514, "B":265, "C":268}
Sending from C
C {"A":528, "B":272, "C":269}
Received on C
C {"A":528, "B":272, "C":270}
Sending from C
C {"A":528, "B":272, "C":271}
Sending from C
C {"A":528, "B":272, "C":272}
Sending from C
C {"A":528, "B":272, "C":273}
Sending from C
C {"A":538, "B":277, "C":274}
Received on C
C {"A":538, "B":277, "C":275}
Sending from C
C {"A":538, "B":277, "C":276}
Sending from C
C {"A":538, "B":277, "C":277}
Sending from C
C {"A":538, "B":277, "C":278}
Sending from C
C {"A":546, "B":281, "C":279}
Received on C
C {"A":546, "B":281, "C":280}
Sending from C
C {"A":546, "B":281, "C":281}
Sending from C
C {"A":546, "B":281, "C":282}
Sending from C
C {"A":554, "B":285, "C":283}
Received on C
C {"A":554, "B":285, "C":284}
Sending from C
C {"A":554, "B":285, "C":285}
Sending from C
C {"A":554, "B":285, "C":286}
Sending from C
C {"A":554, "B":285, "C":287}
Sending from C
C {"A":567, "B":291, "C":288}
Received on C
C {"A":567, "B":293, "C":289}
Received on C
C {"A":568, "B":293, "C":290}
Received on C
C {"A":568, "B":293, "C":291}
Sending from C
C {"A":568, "B":293, "C":292}
Sending from C
C {"A":568, "B":293, "C":293}
Sending from C
C {"A":568, "B":293, "C":294}
Sending from C
C {"A":577, "B":297, "C":295}
Received on C
C {"A":577, "B":297, "C":296}
Sending from C
C {"A":577, "B":297, "C":297}
Sending from C
C {"A":577, "B":297, "C":298}
Sending from C
C {"A":585, "B":302, "C":299}
Received on C
C {"A":585, "B":302, "C":300}
Sending from C
C {"A":585, "B":302, "C":301}
Sending from C
C {"A":585, "B":302, "C":302}
Sending from C
C {"A":585, "B":302, "C":303}
Sending from C
C {"A":592, "B":306, "C":304}
Received on C
C {"A":592, "B":306, "C":305}
Sending from C
C {"A":592, "B":306, "C":306}
Sending from C
C {"A":601, "B":310, "C":307}
Received on C
C {"A":601, "B":310, "C":308}
Sending from C
C {"A":601, "B":310, "C":309}
Sending from C
C {"A":601, "B":310, "C":310}
Sending from C
C {"A":601, "B":310, "C":311}
Sending from C
